<?xml version="1.0" encoding="UTF-8"?>
<!-- Generated by org.testng.reporters.JUnitXMLReporter -->
<testsuite ignored="5" hostname="SarahHasan" failures="0" tests="1" name="Default test" time="7.225" errors="0" timestamp="2024-02-02T00:22:23 EET">
  <testcase classname="AlmosaferWeb.MyTestCases" name="RandomMethodToChangeTheLanaguage" time="1.678"/>
  <testcase classname="AlmosaferWeb.MyTestCases" name="CheckTheDefultLanaguageIsEnglish" time="0.0">
    <ignored/>
  </testcase> <!-- CheckTheDefultLanaguageIsEnglish -->
  <testcase classname="AlmosaferWeb.MyTestCases" name="CheckHotelTabsIsNotSelected" time="0.0">
    <ignored/>
  </testcase> <!-- CheckHotelTabsIsNotSelected -->
  <testcase classname="AlmosaferWeb.MyTestCases" name="CheckQitafLogo" time="0.0">
    <ignored/>
  </testcase> <!-- CheckQitafLogo -->
  <testcase classname="AlmosaferWeb.MyTestCases" name="CheckContactNumber" time="0.0">
    <ignored/>
  </testcase> <!-- CheckContactNumber -->
  <testcase classname="AlmosaferWeb.MyTestCases" name="CheckTheDefultCurrencyIsSAR" time="0.0">
    <ignored/>
  </testcase> <!-- CheckTheDefultCurrencyIsSAR -->
</testsuite> <!-- Default test -->
