<?xml version="1.0" encoding="UTF-8"?>
<testng-results ignored="6" total="8" passed="2" failed="0" skipped="0">
  <reporter-output>
  </reporter-output>
  <suite started-at="2024-02-02T22:49:57 EET" name="Default suite" finished-at="2024-02-02T22:50:08 EET" duration-ms="10597">
    <groups>
    </groups>
    <test started-at="2024-02-02T22:49:57 EET" name="Default test" finished-at="2024-02-02T22:50:08 EET" duration-ms="10597">
      <class name="AlmosaferWeb.MyTestCases">
        <test-method is-config="true" signature="MySetup()[pri:0, instance:AlmosaferWeb.MyTestCases@241a53ef]" started-at="2024-02-02T22:49:57 EET" name="MySetup" finished-at="2024-02-02T22:50:04 EET" duration-ms="7039" status="PASS">
          <reporter-output>
          </reporter-output>
        </test-method> <!-- MySetup -->
        <test-method signature="RandomMethodToChangeTheLanaguage()[pri:7, instance:AlmosaferWeb.MyTestCases@241a53ef]" started-at="2024-02-02T22:50:04 EET" name="RandomMethodToChangeTheLanaguage" finished-at="2024-02-02T22:50:07 EET" duration-ms="2142" status="PASS">
          <reporter-output>
          </reporter-output>
        </test-method> <!-- RandomMethodToChangeTheLanaguage -->
        <test-method signature="SwitchToHotelTab()[pri:8, instance:AlmosaferWeb.MyTestCases@241a53ef]" started-at="2024-02-02T22:50:07 EET" name="SwitchToHotelTab" finished-at="2024-02-02T22:50:08 EET" duration-ms="1301" status="PASS">
          <reporter-output>
          </reporter-output>
        </test-method> <!-- SwitchToHotelTab -->
        <test-method is-config="true" signature="myPostTest()[pri:0, instance:AlmosaferWeb.MyTestCases@241a53ef]" started-at="2024-02-02T22:50:08 EET" name="myPostTest" finished-at="2024-02-02T22:50:08 EET" duration-ms="1" status="PASS">
          <reporter-output>
          </reporter-output>
        </test-method> <!-- myPostTest -->
      </class> <!-- AlmosaferWeb.MyTestCases -->
    </test> <!-- Default test -->
  </suite> <!-- Default suite -->
</testng-results>
