<?xml version="1.0" encoding="UTF-8"?>
<testng-results ignored="5" total="6" passed="1" failed="0" skipped="0">
  <reporter-output>
  </reporter-output>
  <suite started-at="2024-02-02T00:22:16 EET" name="Default suite" finished-at="2024-02-02T00:22:23 EET" duration-ms="7225">
    <groups>
    </groups>
    <test started-at="2024-02-02T00:22:16 EET" name="Default test" finished-at="2024-02-02T00:22:23 EET" duration-ms="7225">
      <class name="AlmosaferWeb.MyTestCases">
        <test-method is-config="true" signature="MySetup()[pri:0, instance:AlmosaferWeb.MyTestCases@6c4f9535]" started-at="2024-02-02T00:22:16 EET" name="MySetup" finished-at="2024-02-02T00:22:21 EET" duration-ms="5476" status="PASS">
          <reporter-output>
          </reporter-output>
        </test-method> <!-- MySetup -->
        <test-method signature="RandomMethodToChangeTheLanaguage()[pri:7, instance:AlmosaferWeb.MyTestCases@6c4f9535]" started-at="2024-02-02T00:22:22 EET" name="RandomMethodToChangeTheLanaguage" finished-at="2024-02-02T00:22:23 EET" duration-ms="1678" status="PASS">
          <reporter-output>
          </reporter-output>
        </test-method> <!-- RandomMethodToChangeTheLanaguage -->
        <test-method is-config="true" signature="myPostTest()[pri:0, instance:AlmosaferWeb.MyTestCases@6c4f9535]" started-at="2024-02-02T00:22:23 EET" name="myPostTest" finished-at="2024-02-02T00:22:23 EET" duration-ms="0" status="PASS">
          <reporter-output>
          </reporter-output>
        </test-method> <!-- myPostTest -->
      </class> <!-- AlmosaferWeb.MyTestCases -->
    </test> <!-- Default test -->
  </suite> <!-- Default suite -->
</testng-results>
